\BOOKMARK [1][-]{section.1}{Group Organisation \(MM\)}{}% 1
\BOOKMARK [2][-]{subsection.1.1}{Assigned Roles}{section.1}% 2
\BOOKMARK [2][-]{subsection.1.2}{Budget}{section.1}% 3
\BOOKMARK [2][-]{subsection.1.3}{Communication and Administration}{section.1}% 4
\BOOKMARK [1][-]{section.2}{Introduction \(MM\)}{}% 5
\BOOKMARK [2][-]{subsection.2.1}{Aims}{section.2}% 6
\BOOKMARK [2][-]{subsection.2.2}{Objectives}{section.2}% 7
\BOOKMARK [1][-]{section.3}{Theory \(MM, AS\)}{}% 8
\BOOKMARK [2][-]{subsection.3.1}{Droplet motion}{section.3}% 9
\BOOKMARK [2][-]{subsection.3.2}{The memory parameter Me}{section.3}% 10
\BOOKMARK [2][-]{subsection.3.3}{May need section on interaction between multiple droplets if we use that data}{section.3}% 11
\BOOKMARK [2][-]{subsection.3.4}{Fluid Dynamics}{section.3}% 12
\BOOKMARK [1][-]{section.4}{Experimental Method \(SV, KF, BB\)}{}% 13
\BOOKMARK [2][-]{subsection.4.1}{Equipment list}{section.4}% 14
\BOOKMARK [2][-]{subsection.4.2}{Sourcing of Equipment}{section.4}% 15
\BOOKMARK [2][-]{subsection.4.3}{Testing of Loudspeaker}{section.4}% 16
\BOOKMARK [2][-]{subsection.4.4}{Experimentation with 1000 cSt silicone oil}{section.4}% 17
\BOOKMARK [2][-]{subsection.4.5}{Experimentation with 50 cSt silicone oil}{section.4}% 18
\BOOKMARK [2][-]{subsection.4.6}{Dark Room Recording}{section.4}% 19
\BOOKMARK [2][-]{subsection.4.7}{Uncontrolled Experimental Factors}{section.4}% 20
\BOOKMARK [2][-]{subsection.4.8}{Double slit diffraction}{section.4}% 21
\BOOKMARK [2][-]{subsection.4.9}{Changing Fluid}{section.4}% 22
\BOOKMARK [2][-]{subsection.4.10}{Ultra High Speed Camera}{section.4}% 23
\BOOKMARK [2][-]{subsection.4.11}{Improvements and Considerations}{section.4}% 24
\BOOKMARK [1][-]{section.5}{Simulation \(JAL, CKG, GA, AS\)}{}% 25
\BOOKMARK [2][-]{subsection.5.1}{Initial work in Python}{section.5}% 26
\BOOKMARK [2][-]{subsection.5.2}{Constructing a GUI in Java}{section.5}% 27
\BOOKMARK [2][-]{subsection.5.3}{Probabilistic prediction of position}{section.5}% 28
\BOOKMARK [2][-]{subsection.5.4}{Rapid prototyping in MATLAB}{section.5}% 29
\BOOKMARK [2][-]{subsection.5.5}{Modelling assumptions and simulation mechanics}{section.5}% 30
\BOOKMARK [2][-]{subsection.5.6}{Integrating Java and MATLAB}{section.5}% 31
\BOOKMARK [2][-]{subsection.5.7}{Simulation in the high- and low-memory regimes}{section.5}% 32
\BOOKMARK [2][-]{subsection.5.8}{Preliminary tests on predicted phenomena}{section.5}% 33
\BOOKMARK [2][-]{subsection.5.9}{Conclusion}{section.5}% 34
\BOOKMARK [1][-]{section.6}{Education and outreach efforts \(JAL, MM\)}{}% 35
\BOOKMARK [2][-]{subsection.6.1}{Lesson Plan}{section.6}% 36
\BOOKMARK [2][-]{subsection.6.2}{Evaluation Survey}{section.6}% 37
\BOOKMARK [1][-]{section.7}{Project Proposal}{}% 38
\BOOKMARK [2][-]{subsection.7.1}{Aims}{section.7}% 39
\BOOKMARK [2][-]{subsection.7.2}{Objectives}{section.7}% 40
\BOOKMARK [2][-]{subsection.7.3}{Summary}{section.7}% 41
\BOOKMARK [2][-]{subsection.7.4}{Project Personnel}{section.7}% 42
\BOOKMARK [2][-]{subsection.7.5}{Related Activities}{section.7}% 43
\BOOKMARK [2][-]{subsection.7.6}{Awareness raising, dissemination and networking}{section.7}% 44
\BOOKMARK [2][-]{subsection.7.7}{Monitoring and Evaluation}{section.7}% 45
\BOOKMARK [2][-]{subsection.7.8}{Justification of Resources}{section.7}% 46
\BOOKMARK [1][-]{section.8}{Conclusion}{}% 47
\BOOKMARK [1][-]{section*.56}{References}{}% 48
\BOOKMARK [1][-]{section*.57}{Appendix A: Minutes 11/1/18}{}% 49
\BOOKMARK [1][-]{section*.58}{Appendix B: Minutes 18/1/18}{}% 50
\BOOKMARK [1][-]{section*.59}{Appendix C: Minutes 25/1/18}{}% 51
\BOOKMARK [1][-]{section*.60}{Appendix D: Minutes 01/2/18}{}% 52
\BOOKMARK [1][-]{section*.61}{Appendix E: Minutes 08/2/18}{}% 53
\BOOKMARK [1][-]{section*.62}{Appendix F: Minutes 19/2/18}{}% 54
\BOOKMARK [1][-]{section*.63}{Appendix G: Minutes 27/2/18}{}% 55
\BOOKMARK [1][-]{section*.64}{Appendix H: Minutes 08/03/18}{}% 56
\BOOKMARK [1][-]{section*.65}{Appendix I: Lab Script}{}% 57
\BOOKMARK [2][-]{subsection.Appendix.I.1}{Introduction}{section*.65}% 58
\BOOKMARK [2][-]{subsection.Appendix.I.2}{Theory}{section*.65}% 59
\BOOKMARK [2][-]{subsection.Appendix.I.3}{Apparatus}{section*.65}% 60
\BOOKMARK [2][-]{subsection.Appendix.I.4}{Assembly Procedure}{section*.65}% 61
\BOOKMARK [2][-]{subsection.Appendix.I.5}{Experimental Methods}{section*.65}% 62
\BOOKMARK [1][-]{section*.70}{Appendix J: Risk Assessment}{}% 63
\BOOKMARK [1][-]{section*.71}{Appendix K: Experimental Log 24-1}{}% 64
\BOOKMARK [1][-]{section*.72}{Appendix L: Experimental Log 31-1}{}% 65
\BOOKMARK [1][-]{section*.73}{Appendix M: Experimental Log 9-2}{}% 66
\BOOKMARK [1][-]{section*.74}{Appendix N: Experimental Log 14-2}{}% 67
\BOOKMARK [1][-]{section*.75}{Appendix O: Experimental Log 15-2}{}% 68
\BOOKMARK [1][-]{section*.76}{Appendix P: Experimental Log 16-2}{}% 69
\BOOKMARK [1][-]{section*.77}{Appendix Q: Experimental Log 21-2}{}% 70
\BOOKMARK [1][-]{section*.78}{Appendix R: PowerPoint used in educational outreach}{}% 71
\BOOKMARK [1][-]{section*.81}{Appendix S: Extended Experimental Report}{}% 72
